<?xml version="1.0" encoding="UTF-8"?>
<testng-results ignored="0" total="2" passed="2" failed="0" skipped="0">
  <reporter-output>
  </reporter-output>
  <suite started-at="2022-06-15T19:23:18 IST" name="Default suite" finished-at="2022-06-15T19:23:18 IST" duration-ms="289">
    <groups>
    </groups>
    <test started-at="2022-06-15T19:23:18 IST" name="Default test" finished-at="2022-06-15T19:23:18 IST" duration-ms="289">
      <class name="invest.TestCases.ValidCridentials">
        <test-method is-config="true" signature="addition()[pri:0, instance:invest.TestCases.ValidCridentials@6b927fb]" started-at="2022-06-15T19:23:18 IST" name="addition" finished-at="2022-06-15T19:23:18 IST" duration-ms="32" status="PASS">
          <reporter-output>
          </reporter-output>
        </test-method> <!-- addition -->
        <test-method signature="addition1()[pri:0, instance:invest.TestCases.ValidCridentials@6b927fb]" started-at="2022-06-15T19:23:18 IST" name="addition1" finished-at="2022-06-15T19:23:18 IST" duration-ms="41" status="PASS">
          <reporter-output>
          </reporter-output>
        </test-method> <!-- addition1 -->
        <test-method is-config="true" signature="addition3()[pri:0, instance:invest.TestCases.ValidCridentials@6b927fb]" started-at="2022-06-15T19:23:18 IST" name="addition3" finished-at="2022-06-15T19:23:18 IST" duration-ms="2" status="PASS">
          <reporter-output>
          </reporter-output>
        </test-method> <!-- addition3 -->
        <test-method signature="addition2()[pri:0, instance:invest.TestCases.ValidCridentials@6b927fb]" started-at="2022-06-15T19:23:18 IST" name="addition2" finished-at="2022-06-15T19:23:18 IST" duration-ms="8" status="PASS">
          <reporter-output>
          </reporter-output>
        </test-method> <!-- addition2 -->
        <test-method is-config="true" signature="addition3()[pri:0, instance:invest.TestCases.ValidCridentials@6b927fb]" started-at="2022-06-15T19:23:18 IST" name="addition3" finished-at="2022-06-15T19:23:18 IST" duration-ms="1" status="PASS">
          <reporter-output>
          </reporter-output>
        </test-method> <!-- addition3 -->
      </class> <!-- invest.TestCases.ValidCridentials -->
    </test> <!-- Default test -->
  </suite> <!-- Default suite -->
</testng-results>
